*** Starting uWSGI 2.0.18 (64bit) on [Tue May 26 10:59:38 2020] ***
compiled with version: 7.5.0 on 25 May 2020 22:41:43
os: Linux-5.3.0-53-generic #47~18.04.1-Ubuntu SMP Thu May 7 13:10:50 UTC 2020
nodename: OEM
machine: x86_64
clock source: unix
detected number of CPU cores: 8
current working directory: /home/brown/PycharmProjects/auslinkerp
writing pidfile to uwsgi.pid
detected binary path: /home/brown/PycharmProjects/untitled/venv/bin/uwsgi
!!! no internal routing support, rebuild with pcre support !!!
chdir() to /home/brown/PycharmProjects/auslinkerp
your processes number limit is 63644
your memory page size is 4096 bytes
detected max file descriptor number: 4096
lock engine: pthread robust mutexes
thunder lock: disabled (you can enable it with --thunder-lock)
uWSGI http bound on 0.0.0.0:8000 fd 3
uwsgi socket 0 bound to TCP address 127.0.0.1:8010 fd 6
Python version: 3.6.9 (default, Apr 18 2020, 01:56:04)  [GCC 8.4.0]
Python main interpreter initialized at 0x5631e658c630
python threads support enabled
your server socket listen backlog is limited to 100 connections
your mercy for graceful operations on workers is 60 seconds
mapped 416720 bytes (406 KB) for 8 cores
*** Operational MODE: preforking+threaded ***
WSGI app 0 (mountpoint='') ready in 1 seconds on interpreter 0x5631e658c630 pid: 10793 (default app)
*** uWSGI is running in multiple interpreter mode ***
spawned uWSGI master process (pid: 10793)
spawned uWSGI worker 1 (pid: 10795, cores: 2)
spawned uWSGI worker 2 (pid: 10796, cores: 2)
spawned uWSGI worker 3 (pid: 10798, cores: 2)
spawned uWSGI worker 4 (pid: 10800, cores: 2)
spawned uWSGI http 1 (pid: 10801)
Not Found: /
[pid: 10798|app: 0|req: 1/1] 127.0.0.1 () {36 vars in 560 bytes} [Tue May 26 11:02:26 2020] GET / => generated 3258 bytes in 2609 msecs (HTTP/1.1 404) 3 headers in 102 bytes (1 switches on core 0)
Not Found: /favicon.ico
[pid: 10800|app: 0|req: 1/2] 127.0.0.1 () {34 vars in 487 bytes} [Tue May 26 11:02:28 2020] GET /favicon.ico => generated 3309 bytes in 343 msecs (HTTP/1.1 404) 3 headers in 102 bytes (1 switches on core 0)
Internal Server Error: /homepage/
Traceback (most recent call last):
  File "/home/brown/PycharmProjects/untitled/venv/lib/python3.6/site-packages/django/core/handlers/exception.py", line 34, in inner
    response = get_response(request)
  File "/home/brown/PycharmProjects/untitled/venv/lib/python3.6/site-packages/django/core/handlers/base.py", line 115, in _get_response
    response = self.process_exception_by_middleware(e, request)
  File "/home/brown/PycharmProjects/untitled/venv/lib/python3.6/site-packages/django/core/handlers/base.py", line 113, in _get_response
    response = wrapped_callback(request, *callback_args, **callback_kwargs)
  File "./app/views.py", line 12, in homepage
    print(obj_dict)
  File "/home/brown/PycharmProjects/untitled/venv/lib/python3.6/site-packages/django/db/models/query.py", line 250, in __repr__
    data = list(self[:REPR_OUTPUT_SIZE + 1])
  File "/home/brown/PycharmProjects/untitled/venv/lib/python3.6/site-packages/django/db/models/query.py", line 274, in __iter__
    self._fetch_all()
  File "/home/brown/PycharmProjects/untitled/venv/lib/python3.6/site-packages/django/db/models/query.py", line 1242, in _fetch_all
    self._result_cache = list(self._iterable_class(self))
  File "/home/brown/PycharmProjects/untitled/venv/lib/python3.6/site-packages/django/db/models/query.py", line 113, in __iter__
    for row in compiler.results_iter(chunked_fetch=self.chunked_fetch, chunk_size=self.chunk_size):
  File "/home/brown/PycharmProjects/untitled/venv/lib/python3.6/site-packages/django/db/models/sql/compiler.py", line 1052, in results_iter
    results = self.execute_sql(MULTI, chunked_fetch=chunked_fetch, chunk_size=chunk_size)
  File "/home/brown/PycharmProjects/untitled/venv/lib/python3.6/site-packages/django/db/models/sql/compiler.py", line 1098, in execute_sql
    cursor = self.connection.cursor()
  File "/home/brown/PycharmProjects/untitled/venv/lib/python3.6/site-packages/django/db/backends/base/base.py", line 256, in cursor
    return self._cursor()
  File "/home/brown/PycharmProjects/untitled/venv/lib/python3.6/site-packages/django/db/backends/base/base.py", line 233, in _cursor
    self.ensure_connection()
  File "/home/brown/PycharmProjects/untitled/venv/lib/python3.6/site-packages/django/db/backends/base/base.py", line 217, in ensure_connection
    self.connect()
  File "/home/brown/PycharmProjects/untitled/venv/lib/python3.6/site-packages/django/db/backends/base/base.py", line 197, in connect
    self.init_connection_state()
  File "/home/brown/PycharmProjects/untitled/venv/lib/python3.6/site-packages/django/db/backends/mysql/base.py", line 231, in init_connection_state
    if self.features.is_sql_auto_is_null_enabled:
  File "/home/brown/PycharmProjects/untitled/venv/lib/python3.6/site-packages/django/utils/functional.py", line 80, in __get__
    res = instance.__dict__[self.name] = self.func(instance)
  File "/home/brown/PycharmProjects/untitled/venv/lib/python3.6/site-packages/django/db/backends/mysql/features.py", line 82, in is_sql_auto_is_null_enabled
    cursor.execute('SELECT @@SQL_AUTO_IS_NULL')
  File "/home/brown/PycharmProjects/untitled/venv/lib/python3.6/site-packages/django/db/backends/utils.py", line 103, in execute
    sql = self.db.ops.last_executed_query(self.cursor, sql, params)
  File "/home/brown/PycharmProjects/untitled/venv/lib/python3.6/site-packages/django/db/backends/mysql/operations.py", line 146, in last_executed_query
    query = query.decode(errors='replace')
AttributeError: 'str' object has no attribute 'decode'
[pid: 10796|app: 0|req: 1/3] 127.0.0.1 () {36 vars in 578 bytes} [Tue May 26 11:02:40 2020] GET /homepage/ => generated 124424 bytes in 742 msecs (HTTP/1.1 500) 4 headers in 130 bytes (1 switches on core 0)
invalid request block size: 21573 (max 4096)...skip
invalid request block size: 21573 (max 4096)...skip
invalid request block size: 21573 (max 4096)...skip
invalid request block size: 21573 (max 4096)...skip
invalid request block size: 21573 (max 4096)...skip
invalid request block size: 21573 (max 4096)...skip
invalid request block size: 21573 (max 4096)...skip
invalid request block size: 21573 (max 4096)...skip
invalid request block size: 21573 (max 4096)...skip
invalid request block size: 21573 (max 4096)...skip
invalid request block size: 21573 (max 4096)...skip
invalid request block size: 21573 (max 4096)...skip
invalid request block size: 21573 (max 4096)...skip
invalid request block size: 21573 (max 4096)...skip
invalid request block size: 21573 (max 4096)...skip
invalid request block size: 21573 (max 4096)...skip
invalid request block size: 21573 (max 4096)...skip
invalid request block size: 21573 (max 4096)...skip
invalid request block size: 21573 (max 4096)...skip
invalid request block size: 21573 (max 4096)...skip
Internal Server Error: /homepage/
Traceback (most recent call last):
  File "/home/brown/PycharmProjects/untitled/venv/lib/python3.6/site-packages/django/core/handlers/exception.py", line 34, in inner
    response = get_response(request)
  File "/home/brown/PycharmProjects/untitled/venv/lib/python3.6/site-packages/django/core/handlers/base.py", line 115, in _get_response
    response = self.process_exception_by_middleware(e, request)
  File "/home/brown/PycharmProjects/untitled/venv/lib/python3.6/site-packages/django/core/handlers/base.py", line 113, in _get_response
    response = wrapped_callback(request, *callback_args, **callback_kwargs)
  File "./app/views.py", line 12, in homepage
    print(obj_dict)
  File "/home/brown/PycharmProjects/untitled/venv/lib/python3.6/site-packages/django/db/models/query.py", line 250, in __repr__
    data = list(self[:REPR_OUTPUT_SIZE + 1])
  File "/home/brown/PycharmProjects/untitled/venv/lib/python3.6/site-packages/django/db/models/query.py", line 274, in __iter__
    self._fetch_all()
  File "/home/brown/PycharmProjects/untitled/venv/lib/python3.6/site-packages/django/db/models/query.py", line 1242, in _fetch_all
    self._result_cache = list(self._iterable_class(self))
  File "/home/brown/PycharmProjects/untitled/venv/lib/python3.6/site-packages/django/db/models/query.py", line 113, in __iter__
    for row in compiler.results_iter(chunked_fetch=self.chunked_fetch, chunk_size=self.chunk_size):
  File "/home/brown/PycharmProjects/untitled/venv/lib/python3.6/site-packages/django/db/models/sql/compiler.py", line 1052, in results_iter
    results = self.execute_sql(MULTI, chunked_fetch=chunked_fetch, chunk_size=chunk_size)
  File "/home/brown/PycharmProjects/untitled/venv/lib/python3.6/site-packages/django/db/models/sql/compiler.py", line 1098, in execute_sql
    cursor = self.connection.cursor()
  File "/home/brown/PycharmProjects/untitled/venv/lib/python3.6/site-packages/django/db/backends/base/base.py", line 256, in cursor
    return self._cursor()
  File "/home/brown/PycharmProjects/untitled/venv/lib/python3.6/site-packages/django/db/backends/base/base.py", line 233, in _cursor
    self.ensure_connection()
  File "/home/brown/PycharmProjects/untitled/venv/lib/python3.6/site-packages/django/db/backends/base/base.py", line 217, in ensure_connection
    self.connect()
  File "/home/brown/PycharmProjects/untitled/venv/lib/python3.6/site-packages/django/db/backends/base/base.py", line 197, in connect
    self.init_connection_state()
  File "/home/brown/PycharmProjects/untitled/venv/lib/python3.6/site-packages/django/db/backends/mysql/base.py", line 231, in init_connection_state
    if self.features.is_sql_auto_is_null_enabled:
  File "/home/brown/PycharmProjects/untitled/venv/lib/python3.6/site-packages/django/utils/functional.py", line 80, in __get__
    res = instance.__dict__[self.name] = self.func(instance)
  File "/home/brown/PycharmProjects/untitled/venv/lib/python3.6/site-packages/django/db/backends/mysql/features.py", line 82, in is_sql_auto_is_null_enabled
    cursor.execute('SELECT @@SQL_AUTO_IS_NULL')
  File "/home/brown/PycharmProjects/untitled/venv/lib/python3.6/site-packages/django/db/backends/utils.py", line 103, in execute
    sql = self.db.ops.last_executed_query(self.cursor, sql, params)
  File "/home/brown/PycharmProjects/untitled/venv/lib/python3.6/site-packages/django/db/backends/mysql/operations.py", line 146, in last_executed_query
    query = query.decode(errors='replace')
AttributeError: 'str' object has no attribute 'decode'
[pid: 10798|app: 0|req: 2/4] 127.0.0.1 () {36 vars in 578 bytes} [Tue May 26 11:03:40 2020] GET /homepage/ => generated 124425 bytes in 94 msecs (HTTP/1.1 500) 4 headers in 130 bytes (1 switches on core 1)
[pid: 10800|app: 0|req: 2/5] 127.0.0.1 () {36 vars in 600 bytes} [Tue May 26 11:03:55 2020] GET /staff_user/worktime/ => generated 38 bytes in 36 msecs (HTTP/1.1 200) 3 headers in 108 bytes (1 switches on core 0)
[pid: 10798|app: 0|req: 3/6] 127.0.0.1 () {36 vars in 600 bytes} [Tue May 26 11:04:58 2020] GET /staff_user/worktime/ => generated 38 bytes in 3 msecs (HTTP/1.1 200) 3 headers in 108 bytes (1 switches on core 0)
Internal Server Error: /homepage/
Traceback (most recent call last):
  File "/home/brown/PycharmProjects/untitled/venv/lib/python3.6/site-packages/django/core/handlers/exception.py", line 34, in inner
    response = get_response(request)
  File "/home/brown/PycharmProjects/untitled/venv/lib/python3.6/site-packages/django/core/handlers/base.py", line 115, in _get_response
    response = self.process_exception_by_middleware(e, request)
  File "/home/brown/PycharmProjects/untitled/venv/lib/python3.6/site-packages/django/core/handlers/base.py", line 113, in _get_response
    response = wrapped_callback(request, *callback_args, **callback_kwargs)
  File "./app/views.py", line 12, in homepage
    print(obj_dict)
  File "/home/brown/PycharmProjects/untitled/venv/lib/python3.6/site-packages/django/db/models/query.py", line 250, in __repr__
    data = list(self[:REPR_OUTPUT_SIZE + 1])
  File "/home/brown/PycharmProjects/untitled/venv/lib/python3.6/site-packages/django/db/models/query.py", line 274, in __iter__
    self._fetch_all()
  File "/home/brown/PycharmProjects/untitled/venv/lib/python3.6/site-packages/django/db/models/query.py", line 1242, in _fetch_all
    self._result_cache = list(self._iterable_class(self))
  File "/home/brown/PycharmProjects/untitled/venv/lib/python3.6/site-packages/django/db/models/query.py", line 113, in __iter__
    for row in compiler.results_iter(chunked_fetch=self.chunked_fetch, chunk_size=self.chunk_size):
  File "/home/brown/PycharmProjects/untitled/venv/lib/python3.6/site-packages/django/db/models/sql/compiler.py", line 1052, in results_iter
    results = self.execute_sql(MULTI, chunked_fetch=chunked_fetch, chunk_size=chunk_size)
  File "/home/brown/PycharmProjects/untitled/venv/lib/python3.6/site-packages/django/db/models/sql/compiler.py", line 1098, in execute_sql
    cursor = self.connection.cursor()
  File "/home/brown/PycharmProjects/untitled/venv/lib/python3.6/site-packages/django/db/backends/base/base.py", line 256, in cursor
    return self._cursor()
  File "/home/brown/PycharmProjects/untitled/venv/lib/python3.6/site-packages/django/db/backends/base/base.py", line 233, in _cursor
    self.ensure_connection()
  File "/home/brown/PycharmProjects/untitled/venv/lib/python3.6/site-packages/django/db/backends/base/base.py", line 217, in ensure_connection
    self.connect()
  File "/home/brown/PycharmProjects/untitled/venv/lib/python3.6/site-packages/django/db/backends/base/base.py", line 197, in connect
    self.init_connection_state()
  File "/home/brown/PycharmProjects/untitled/venv/lib/python3.6/site-packages/django/db/backends/mysql/base.py", line 231, in init_connection_state
    if self.features.is_sql_auto_is_null_enabled:
  File "/home/brown/PycharmProjects/untitled/venv/lib/python3.6/site-packages/django/utils/functional.py", line 80, in __get__
    res = instance.__dict__[self.name] = self.func(instance)
  File "/home/brown/PycharmProjects/untitled/venv/lib/python3.6/site-packages/django/db/backends/mysql/features.py", line 82, in is_sql_auto_is_null_enabled
    cursor.execute('SELECT @@SQL_AUTO_IS_NULL')
  File "/home/brown/PycharmProjects/untitled/venv/lib/python3.6/site-packages/django/db/backends/utils.py", line 103, in execute
    sql = self.db.ops.last_executed_query(self.cursor, sql, params)
  File "/home/brown/PycharmProjects/untitled/venv/lib/python3.6/site-packages/django/db/backends/mysql/operations.py", line 146, in last_executed_query
    query = query.decode(errors='replace')
AttributeError: 'str' object has no attribute 'decode'
[pid: 10800|app: 0|req: 3/7] 127.0.0.1 () {38 vars in 609 bytes} [Tue May 26 11:06:54 2020] GET /homepage/ => generated 124562 bytes in 94 msecs (HTTP/1.1 500) 4 headers in 130 bytes (1 switches on core 1)
Internal Server Error: /homepage/
Traceback (most recent call last):
  File "/home/brown/PycharmProjects/untitled/venv/lib/python3.6/site-packages/django/core/handlers/exception.py", line 34, in inner
    response = get_response(request)
  File "/home/brown/PycharmProjects/untitled/venv/lib/python3.6/site-packages/django/core/handlers/base.py", line 115, in _get_response
    response = self.process_exception_by_middleware(e, request)
  File "/home/brown/PycharmProjects/untitled/venv/lib/python3.6/site-packages/django/core/handlers/base.py", line 113, in _get_response
    response = wrapped_callback(request, *callback_args, **callback_kwargs)
  File "./app/views.py", line 12, in homepage
    print(obj_dict)
  File "/home/brown/PycharmProjects/untitled/venv/lib/python3.6/site-packages/django/db/models/query.py", line 250, in __repr__
    data = list(self[:REPR_OUTPUT_SIZE + 1])
  File "/home/brown/PycharmProjects/untitled/venv/lib/python3.6/site-packages/django/db/models/query.py", line 274, in __iter__
    self._fetch_all()
  File "/home/brown/PycharmProjects/untitled/venv/lib/python3.6/site-packages/django/db/models/query.py", line 1242, in _fetch_all
    self._result_cache = list(self._iterable_class(self))
  File "/home/brown/PycharmProjects/untitled/venv/lib/python3.6/site-packages/django/db/models/query.py", line 113, in __iter__
    for row in compiler.results_iter(chunked_fetch=self.chunked_fetch, chunk_size=self.chunk_size):
  File "/home/brown/PycharmProjects/untitled/venv/lib/python3.6/site-packages/django/db/models/sql/compiler.py", line 1052, in results_iter
    results = self.execute_sql(MULTI, chunked_fetch=chunked_fetch, chunk_size=chunk_size)
  File "/home/brown/PycharmProjects/untitled/venv/lib/python3.6/site-packages/django/db/models/sql/compiler.py", line 1098, in execute_sql
    cursor = self.connection.cursor()
  File "/home/brown/PycharmProjects/untitled/venv/lib/python3.6/site-packages/django/db/backends/base/base.py", line 256, in cursor
    return self._cursor()
  File "/home/brown/PycharmProjects/untitled/venv/lib/python3.6/site-packages/django/db/backends/base/base.py", line 233, in _cursor
    self.ensure_connection()
  File "/home/brown/PycharmProjects/untitled/venv/lib/python3.6/site-packages/django/db/backends/base/base.py", line 217, in ensure_connection
    self.connect()
  File "/home/brown/PycharmProjects/untitled/venv/lib/python3.6/site-packages/django/db/backends/base/base.py", line 197, in connect
    self.init_connection_state()
  File "/home/brown/PycharmProjects/untitled/venv/lib/python3.6/site-packages/django/db/backends/mysql/base.py", line 231, in init_connection_state
    if self.features.is_sql_auto_is_null_enabled:
  File "/home/brown/PycharmProjects/untitled/venv/lib/python3.6/site-packages/django/utils/functional.py", line 80, in __get__
    res = instance.__dict__[self.name] = self.func(instance)
  File "/home/brown/PycharmProjects/untitled/venv/lib/python3.6/site-packages/django/db/backends/mysql/features.py", line 82, in is_sql_auto_is_null_enabled
    cursor.execute('SELECT @@SQL_AUTO_IS_NULL')
  File "/home/brown/PycharmProjects/untitled/venv/lib/python3.6/site-packages/django/db/backends/utils.py", line 103, in execute
    sql = self.db.ops.last_executed_query(self.cursor, sql, params)
  File "/home/brown/PycharmProjects/untitled/venv/lib/python3.6/site-packages/django/db/backends/mysql/operations.py", line 146, in last_executed_query
    query = query.decode(errors='replace')
AttributeError: 'str' object has no attribute 'decode'
[pid: 10800|app: 0|req: 4/8] 127.0.0.1 () {38 vars in 609 bytes} [Tue May 26 11:06:55 2020] GET /homepage/ => generated 124563 bytes in 69 msecs (HTTP/1.1 500) 4 headers in 130 bytes (1 switches on core 0)
Internal Server Error: /homepage/
Traceback (most recent call last):
  File "/home/brown/PycharmProjects/untitled/venv/lib/python3.6/site-packages/django/core/handlers/exception.py", line 34, in inner
    response = get_response(request)
  File "/home/brown/PycharmProjects/untitled/venv/lib/python3.6/site-packages/django/core/handlers/base.py", line 115, in _get_response
    response = self.process_exception_by_middleware(e, request)
  File "/home/brown/PycharmProjects/untitled/venv/lib/python3.6/site-packages/django/core/handlers/base.py", line 113, in _get_response
    response = wrapped_callback(request, *callback_args, **callback_kwargs)
  File "./app/views.py", line 17, in homepage
    return render(request, 'homepage.html', context=context)
  File "/home/brown/PycharmProjects/untitled/venv/lib/python3.6/site-packages/django/shortcuts.py", line 36, in render
    content = loader.render_to_string(template_name, context, request, using=using)
  File "/home/brown/PycharmProjects/untitled/venv/lib/python3.6/site-packages/django/template/loader.py", line 62, in render_to_string
    return template.render(context, request)
  File "/home/brown/PycharmProjects/untitled/venv/lib/python3.6/site-packages/django/template/backends/django.py", line 61, in render
    return self.template.render(context)
  File "/home/brown/PycharmProjects/untitled/venv/lib/python3.6/site-packages/django/template/base.py", line 171, in render
    return self._render(context)
  File "/home/brown/PycharmProjects/untitled/venv/lib/python3.6/site-packages/django/template/base.py", line 163, in _render
    return self.nodelist.render(context)
  File "/home/brown/PycharmProjects/untitled/venv/lib/python3.6/site-packages/django/template/base.py", line 937, in render
    bit = node.render_annotated(context)
  File "/home/brown/PycharmProjects/untitled/venv/lib/python3.6/site-packages/django/template/base.py", line 904, in render_annotated
    return self.render(context)
  File "/home/brown/PycharmProjects/untitled/venv/lib/python3.6/site-packages/django/template/loader_tags.py", line 150, in render
    return compiled_parent._render(context)
  File "/home/brown/PycharmProjects/untitled/venv/lib/python3.6/site-packages/django/template/base.py", line 163, in _render
    return self.nodelist.render(context)
  File "/home/brown/PycharmProjects/untitled/venv/lib/python3.6/site-packages/django/template/base.py", line 937, in render
    bit = node.render_annotated(context)
  File "/home/brown/PycharmProjects/untitled/venv/lib/python3.6/site-packages/django/template/base.py", line 904, in render_annotated
    return self.render(context)
  File "/home/brown/PycharmProjects/untitled/venv/lib/python3.6/site-packages/django/template/loader_tags.py", line 62, in render
    result = block.nodelist.render(context)
  File "/home/brown/PycharmProjects/untitled/venv/lib/python3.6/site-packages/django/template/base.py", line 937, in render
    bit = node.render_annotated(context)
  File "/home/brown/PycharmProjects/untitled/venv/lib/python3.6/site-packages/django/template/base.py", line 904, in render_annotated
    return self.render(context)
  File "/home/brown/PycharmProjects/untitled/venv/lib/python3.6/site-packages/django/template/defaulttags.py", line 166, in render
    len_values = len(values)
  File "/home/brown/PycharmProjects/untitled/venv/lib/python3.6/site-packages/django/db/models/query.py", line 256, in __len__
    self._fetch_all()
  File "/home/brown/PycharmProjects/untitled/venv/lib/python3.6/site-packages/django/db/models/query.py", line 1242, in _fetch_all
    self._result_cache = list(self._iterable_class(self))
  File "/home/brown/PycharmProjects/untitled/venv/lib/python3.6/site-packages/django/db/models/query.py", line 113, in __iter__
    for row in compiler.results_iter(chunked_fetch=self.chunked_fetch, chunk_size=self.chunk_size):
  File "/home/brown/PycharmProjects/untitled/venv/lib/python3.6/site-packages/django/db/models/sql/compiler.py", line 1052, in results_iter
    results = self.execute_sql(MULTI, chunked_fetch=chunked_fetch, chunk_size=chunk_size)
  File "/home/brown/PycharmProjects/untitled/venv/lib/python3.6/site-packages/django/db/models/sql/compiler.py", line 1098, in execute_sql
    cursor = self.connection.cursor()
  File "/home/brown/PycharmProjects/untitled/venv/lib/python3.6/site-packages/django/db/backends/base/base.py", line 256, in cursor
    return self._cursor()
  File "/home/brown/PycharmProjects/untitled/venv/lib/python3.6/site-packages/django/db/backends/base/base.py", line 233, in _cursor
    self.ensure_connection()
  File "/home/brown/PycharmProjects/untitled/venv/lib/python3.6/site-packages/django/db/backends/base/base.py", line 217, in ensure_connection
    self.connect()
  File "/home/brown/PycharmProjects/untitled/venv/lib/python3.6/site-packages/django/db/backends/base/base.py", line 197, in connect
    self.init_connection_state()
  File "/home/brown/PycharmProjects/untitled/venv/lib/python3.6/site-packages/django/db/backends/mysql/base.py", line 231, in init_connection_state
    if self.features.is_sql_auto_is_null_enabled:
  File "/home/brown/PycharmProjects/untitled/venv/lib/python3.6/site-packages/django/utils/functional.py", line 80, in __get__
    res = instance.__dict__[self.name] = self.func(instance)
  File "/home/brown/PycharmProjects/untitled/venv/lib/python3.6/site-packages/django/db/backends/mysql/features.py", line 82, in is_sql_auto_is_null_enabled
    cursor.execute('SELECT @@SQL_AUTO_IS_NULL')
  File "/home/brown/PycharmProjects/untitled/venv/lib/python3.6/site-packages/django/db/backends/utils.py", line 103, in execute
    sql = self.db.ops.last_executed_query(self.cursor, sql, params)
  File "/home/brown/PycharmProjects/untitled/venv/lib/python3.6/site-packages/django/db/backends/mysql/operations.py", line 146, in last_executed_query
    query = query.decode(errors='replace')
AttributeError: 'str' object has no attribute 'decode'
[pid: 10795|app: 0|req: 1/9] 127.0.0.1 () {38 vars in 609 bytes} [Tue May 26 11:07:37 2020] GET /homepage/ => generated 201139 bytes in 942 msecs (HTTP/1.1 500) 4 headers in 130 bytes (1 switches on core 0)
invalid request block size: 21573 (max 4096)...skip
invalid request block size: 21573 (max 4096)...skip
invalid request block size: 21573 (max 4096)...skip
invalid request block size: 21573 (max 4096)...skip
invalid request block size: 21573 (max 4096)...skip
invalid request block size: 21573 (max 4096)...skip
invalid request block size: 21573 (max 4096)...skip
invalid request block size: 21573 (max 4096)...skip
invalid request block size: 21573 (max 4096)...skip
invalid request block size: 21573 (max 4096)...skip
[pid: 10800|app: 0|req: 5/10] 127.0.0.1 () {42 vars in 666 bytes} [Tue May 26 11:08:13 2020] GET /staff_user/worktime/ => generated 38 bytes in 4 msecs (HTTP/1.1 200) 3 headers in 108 bytes (1 switches on core 1)
Not Found: /favicon.ico
[pid: 10798|app: 0|req: 4/11] 127.0.0.1 () {40 vars in 553 bytes} [Tue May 26 11:08:13 2020] GET /favicon.ico => generated 3309 bytes in 7 msecs (HTTP/1.1 404) 3 headers in 102 bytes (1 switches on core 0)
SIGINT/SIGQUIT received...killing workers...
gateway "uWSGI http 1" has been buried (pid: 10801)
worker 1 buried after 1 seconds
worker 2 buried after 1 seconds
worker 3 buried after 1 seconds
worker 4 buried after 1 seconds
goodbye to uWSGI.
*** Starting uWSGI 2.0.18 (64bit) on [Tue May 26 11:20:05 2020] ***
compiled with version: 7.5.0 on 25 May 2020 22:41:43
os: Linux-5.3.0-53-generic #47~18.04.1-Ubuntu SMP Thu May 7 13:10:50 UTC 2020
nodename: OEM
machine: x86_64
clock source: unix
detected number of CPU cores: 8
current working directory: /home/brown/PycharmProjects/auslinkerp
writing pidfile to uwsgi.pid
detected binary path: /home/brown/PycharmProjects/untitled/venv/bin/uwsgi
!!! no internal routing support, rebuild with pcre support !!!
chdir() to /home/brown/PycharmProjects/auslinkerp
your processes number limit is 63644
your memory page size is 4096 bytes
detected max file descriptor number: 4096
lock engine: pthread robust mutexes
thunder lock: disabled (you can enable it with --thunder-lock)
uwsgi socket 0 bound to TCP address 0.0.0.0:8888 fd 3
Python version: 3.6.9 (default, Apr 18 2020, 01:56:04)  [GCC 8.4.0]
Python main interpreter initialized at 0x55c10e8e65a0
python threads support enabled
your server socket listen backlog is limited to 100 connections
your mercy for graceful operations on workers is 60 seconds
mapped 416720 bytes (406 KB) for 8 cores
*** Operational MODE: preforking+threaded ***
WSGI app 0 (mountpoint='') ready in 0 seconds on interpreter 0x55c10e8e65a0 pid: 11163 (default app)
*** uWSGI is running in multiple interpreter mode ***
spawned uWSGI master process (pid: 11163)
spawned uWSGI worker 1 (pid: 11165, cores: 2)
spawned uWSGI worker 2 (pid: 11166, cores: 2)
spawned uWSGI worker 3 (pid: 11169, cores: 2)
spawned uWSGI worker 4 (pid: 11170, cores: 2)
invalid request block size: 21573 (max 4096)...skip
invalid request block size: 21573 (max 4096)...skip
invalid request block size: 21573 (max 4096)...skip
invalid request block size: 21573 (max 4096)...skip
invalid request block size: 21573 (max 4096)...skip
invalid request block size: 21573 (max 4096)...skip
invalid request block size: 21573 (max 4096)...skip
invalid request block size: 21573 (max 4096)...skip
invalid request block size: 21573 (max 4096)...skip
invalid request block size: 21573 (max 4096)...skip
SIGINT/SIGQUIT received...killing workers...
worker 1 buried after 1 seconds
worker 2 buried after 1 seconds
worker 3 buried after 1 seconds
worker 4 buried after 1 seconds
goodbye to uWSGI.
*** Starting uWSGI 2.0.18 (64bit) on [Tue May 26 16:31:54 2020] ***
compiled with version: 7.5.0 on 25 May 2020 22:41:43
os: Linux-5.3.0-53-generic #47~18.04.1-Ubuntu SMP Thu May 7 13:10:50 UTC 2020
nodename: OEM
machine: x86_64
clock source: unix
detected number of CPU cores: 8
current working directory: /home/brown/PycharmProjects/auslinkerp-linux2nd
writing pidfile to uwsgi.pid
detected binary path: /home/brown/PycharmProjects/untitled/venv/bin/uwsgi
!!! no internal routing support, rebuild with pcre support !!!
chdir() to /home/brown/PycharmProjects/auslinkerp
your processes number limit is 63644
your memory page size is 4096 bytes
detected max file descriptor number: 4096
lock engine: pthread robust mutexes
thunder lock: disabled (you can enable it with --thunder-lock)
uwsgi socket 0 bound to TCP address 0.0.0.0:8888 fd 3
Python version: 3.6.9 (default, Apr 18 2020, 01:56:04)  [GCC 8.4.0]
Python main interpreter initialized at 0x56071c9e05f0
python threads support enabled
your server socket listen backlog is limited to 100 connections
your mercy for graceful operations on workers is 60 seconds
mapped 416720 bytes (406 KB) for 8 cores
*** Operational MODE: preforking+threaded ***
WSGI app 0 (mountpoint='') ready in 0 seconds on interpreter 0x56071c9e05f0 pid: 3972 (default app)
*** uWSGI is running in multiple interpreter mode ***
spawned uWSGI master process (pid: 3972)
spawned uWSGI worker 1 (pid: 3974, cores: 2)
spawned uWSGI worker 2 (pid: 3975, cores: 2)
spawned uWSGI worker 3 (pid: 3976, cores: 2)
spawned uWSGI worker 4 (pid: 3979, cores: 2)
invalid request block size: 21573 (max 4096)...skip
invalid request block size: 21573 (max 4096)...skip
invalid request block size: 21573 (max 4096)...skip
invalid request block size: 21573 (max 4096)...skip
invalid request block size: 21573 (max 4096)...skip
invalid request block size: 21573 (max 4096)...skip
invalid request block size: 21573 (max 4096)...skip
invalid request block size: 21573 (max 4096)...skip
invalid request block size: 21573 (max 4096)...skip
invalid request block size: 21573 (max 4096)...skip
invalid request block size: 21573 (max 4096)...skip
invalid request block size: 21573 (max 4096)...skip
invalid request block size: 21573 (max 4096)...skip
invalid request block size: 21573 (max 4096)...skip
invalid request block size: 21573 (max 4096)...skip
invalid request block size: 21573 (max 4096)...skip
invalid request block size: 21573 (max 4096)...skip
invalid request block size: 21573 (max 4096)...skip
invalid request block size: 21573 (max 4096)...skip
invalid request block size: 21573 (max 4096)...skip
invalid request block size: 21573 (max 4096)...skip
invalid request block size: 21573 (max 4096)...skip
invalid request block size: 21573 (max 4096)...skip
invalid request block size: 21573 (max 4096)...skip
invalid request block size: 21573 (max 4096)...skip
invalid request block size: 21573 (max 4096)...skip
invalid request block size: 21573 (max 4096)...skip
invalid request block size: 21573 (max 4096)...skip
invalid request block size: 21573 (max 4096)...skip
invalid request block size: 21573 (max 4096)...skip
SIGINT/SIGQUIT received...killing workers...
worker 1 buried after 1 seconds
worker 2 buried after 1 seconds
worker 3 buried after 1 seconds
worker 4 buried after 1 seconds
goodbye to uWSGI.
*** Starting uWSGI 2.0.18 (64bit) on [Tue May 26 17:14:43 2020] ***
compiled with version: 7.5.0 on 25 May 2020 22:41:43
os: Linux-5.3.0-53-generic #47~18.04.1-Ubuntu SMP Thu May 7 13:10:50 UTC 2020
nodename: OEM
machine: x86_64
clock source: unix
detected number of CPU cores: 8
current working directory: /home/brown/PycharmProjects/auslinkerp-linux2nd
writing pidfile to uwsgi.pid
detected binary path: /home/brown/PycharmProjects/untitled/venv/bin/uwsgi
!!! no internal routing support, rebuild with pcre support !!!
chdir() to /home/brown/PycharmProjects/auslinkerp-linux2nd
your processes number limit is 63644
your memory page size is 4096 bytes
detected max file descriptor number: 4096
lock engine: pthread robust mutexes
thunder lock: disabled (you can enable it with --thunder-lock)
uWSGI http bound on 0.0.0.0:8000 fd 4
uwsgi socket 0 bound to TCP address 127.0.0.1:39143 (port auto-assigned) fd 3
Python version: 3.6.9 (default, Apr 18 2020, 01:56:04)  [GCC 8.4.0]
Python main interpreter initialized at 0x558bce111570
python threads support enabled
your server socket listen backlog is limited to 100 connections
your mercy for graceful operations on workers is 60 seconds
mapped 416720 bytes (406 KB) for 8 cores
*** Operational MODE: preforking+threaded ***
WSGI app 0 (mountpoint='') ready in 1 seconds on interpreter 0x558bce111570 pid: 4485 (default app)
*** uWSGI is running in multiple interpreter mode ***
spawned uWSGI master process (pid: 4485)
spawned uWSGI worker 1 (pid: 4487, cores: 2)
spawned uWSGI worker 2 (pid: 4488, cores: 2)
spawned uWSGI worker 3 (pid: 4490, cores: 2)
spawned uWSGI worker 4 (pid: 4492, cores: 2)
spawned uWSGI http 1 (pid: 4494)
<QuerySet []>
[pid: 4487|app: 0|req: 1/1] 127.0.0.1 () {36 vars in 578 bytes} [Tue May 26 17:18:26 2020] GET /homepage/ => generated 6199 bytes in 574 msecs (HTTP/1.1 200) 3 headers in 110 bytes (1 switches on core 0)
[pid: 4490|app: 0|req: 2/2] 127.0.0.1 () {36 vars in 554 bytes} [Tue May 26 17:18:26 2020] GET /static/css/main.css => generated 93 bytes in 504 msecs (HTTP/1.1 404) 3 headers in 100 bytes (1 switches on core 1)
[pid: 4490|app: 0|req: 2/3] 127.0.0.1 () {38 vars in 594 bytes} [Tue May 26 17:18:26 2020] GET /static/js/common.js => generated 93 bytes in 506 msecs (HTTP/1.1 404) 3 headers in 100 bytes (1 switches on core 0)
None
[pid: 4490|app: 0|req: 3/4] 127.0.0.1 () {38 vars in 655 bytes} [Tue May 26 17:18:31 2020] GET /warehouse/warehouseinfo/ => generated 12 bytes in 11 msecs (HTTP/1.1 200) 3 headers in 108 bytes (1 switches on core 1)
[pid: 4492|app: 0|req: 1/5] 127.0.0.1 () {38 vars in 655 bytes} [Tue May 26 17:18:33 2020] GET /adminandaccount/adminhp/ => generated 5184 bytes in 589 msecs (HTTP/1.1 200) 3 headers in 110 bytes (1 switches on core 0)
[pid: 4492|app: 0|req: 3/6] 127.0.0.1 () {36 vars in 569 bytes} [Tue May 26 17:18:34 2020] GET /static/css/main.css => generated 93 bytes in 2 msecs (HTTP/1.1 404) 3 headers in 100 bytes (1 switches on core 0)
[pid: 4492|app: 0|req: 3/7] 127.0.0.1 () {36 vars in 554 bytes} [Tue May 26 17:18:34 2020] GET /static/js/common.js => generated 93 bytes in 4 msecs (HTTP/1.1 404) 3 headers in 100 bytes (1 switches on core 1)
[pid: 4492|app: 0|req: 4/8] 127.0.0.1 () {38 vars in 624 bytes} [Tue May 26 17:18:34 2020] GET /static/css/main.css => generated 93 bytes in 1 msecs (HTTP/1.1 404) 3 headers in 100 bytes (1 switches on core 0)
[pid: 4490|app: 0|req: 4/9] 127.0.0.1 () {36 vars in 554 bytes} [Tue May 26 17:18:34 2020] GET /static/js/common.js => generated 93 bytes in 1 msecs (HTTP/1.1 404) 3 headers in 100 bytes (1 switches on core 0)
[pid: 4490|app: 0|req: 5/10] 127.0.0.1 () {38 vars in 662 bytes} [Tue May 26 17:18:35 2020] GET /staff_user/register/ => generated 6474 bytes in 44 msecs (HTTP/1.1 200) 3 headers in 110 bytes (1 switches on core 1)
[pid: 4492|app: 0|req: 6/11] 127.0.0.1 () {36 vars in 565 bytes} [Tue May 26 17:18:35 2020] GET /static/css/main.css => generated 93 bytes in 1 msecs (HTTP/1.1 404) 3 headers in 100 bytes (1 switches on core 1)
[pid: 4492|app: 0|req: 6/12] 127.0.0.1 () {36 vars in 550 bytes} [Tue May 26 17:18:35 2020] GET /static/js/common.js => generated 93 bytes in 1 msecs (HTTP/1.1 404) 3 headers in 100 bytes (1 switches on core 0)
[pid: 4492|app: 0|req: 8/13] 127.0.0.1 () {36 vars in 565 bytes} [Tue May 26 17:18:36 2020] GET /static/css/main.css => generated 93 bytes in 2 msecs (HTTP/1.1 404) 3 headers in 100 bytes (1 switches on core 1)
[pid: 4492|app: 0|req: 8/14] 127.0.0.1 () {36 vars in 550 bytes} [Tue May 26 17:18:36 2020] GET /static/js/common.js => generated 93 bytes in 1 msecs (HTTP/1.1 404) 3 headers in 100 bytes (1 switches on core 0)
[pid: 4487|app: 0|req: 2/15] 127.0.0.1 () {38 vars in 670 bytes} [Tue May 26 17:18:40 2020] GET /staff_user/staffinformation => generated 6081 bytes in 12 msecs (HTTP/1.1 200) 3 headers in 110 bytes (1 switches on core 1)
[pid: 4490|app: 0|req: 6/16] 127.0.0.1 () {36 vars in 556 bytes} [Tue May 26 17:18:40 2020] GET /static/js/common.js => generated 93 bytes in 1 msecs (HTTP/1.1 404) 3 headers in 100 bytes (1 switches on core 0)
[pid: 4492|app: 0|req: 9/17] 127.0.0.1 () {36 vars in 556 bytes} [Tue May 26 17:18:40 2020] GET /static/js/common.js => generated 93 bytes in 1 msecs (HTTP/1.1 404) 3 headers in 100 bytes (1 switches on core 1)
[pid: 4488|app: 0|req: 1/18] 127.0.0.1 () {36 vars in 571 bytes} [Tue May 26 17:18:40 2020] GET /static/css/main.css => generated 93 bytes in 583 msecs (HTTP/1.1 404) 3 headers in 100 bytes (1 switches on core 0)
[pid: 4488|app: 0|req: 2/19] 192.168.1.101 () {36 vars in 609 bytes} [Tue May 26 17:19:46 2020] GET / => generated 74 bytes in 2 msecs (HTTP/1.1 404) 3 headers in 100 bytes (1 switches on core 1)
[pid: 4490|app: 0|req: 7/20] 192.168.1.101 () {36 vars in 609 bytes} [Tue May 26 17:19:56 2020] GET / => generated 74 bytes in 1 msecs (HTTP/1.1 404) 3 headers in 100 bytes (1 switches on core 0)
[pid: 4492|app: 0|req: 10/21] 192.168.1.101 () {36 vars in 609 bytes} [Tue May 26 17:20:03 2020] GET / => generated 74 bytes in 1 msecs (HTTP/1.1 404) 3 headers in 100 bytes (1 switches on core 0)
[pid: 4492|app: 0|req: 11/22] 192.168.1.101 () {36 vars in 625 bytes} [Tue May 26 17:20:06 2020] GET /homepage => generated 0 bytes in 0 msecs (HTTP/1.1 301) 3 headers in 115 bytes (1 switches on core 1)
<QuerySet []>
[pid: 4492|app: 0|req: 12/23] 192.168.1.101 () {36 vars in 627 bytes} [Tue May 26 17:20:06 2020] GET /homepage/ => generated 6199 bytes in 15 msecs (HTTP/1.1 200) 3 headers in 110 bytes (1 switches on core 0)
[pid: 4492|app: 0|req: 13/24] 192.168.1.101 () {36 vars in 618 bytes} [Tue May 26 17:20:06 2020] GET /static/css/main.css => generated 93 bytes in 1 msecs (HTTP/1.1 404) 3 headers in 100 bytes (1 switches on core 1)
[pid: 4488|app: 0|req: 3/25] 192.168.1.101 () {36 vars in 603 bytes} [Tue May 26 17:20:06 2020] GET /static/js/common.js => generated 93 bytes in 1 msecs (HTTP/1.1 404) 3 headers in 100 bytes (1 switches on core 0)
<QuerySet []>
[pid: 4492|app: 0|req: 14/26] 192.168.1.101 () {36 vars in 627 bytes} [Tue May 26 17:20:36 2020] GET /homepage/ => generated 6199 bytes in 8 msecs (HTTP/1.1 200) 3 headers in 110 bytes (1 switches on core 0)
[pid: 4492|app: 0|req: 16/27] 192.168.1.101 () {36 vars in 618 bytes} [Tue May 26 17:20:36 2020] GET /static/css/main.css => generated 93 bytes in 1 msecs (HTTP/1.1 404) 3 headers in 100 bytes (1 switches on core 1)
[pid: 4492|app: 0|req: 16/28] 192.168.1.101 () {36 vars in 603 bytes} [Tue May 26 17:20:36 2020] GET /static/js/common.js => generated 93 bytes in 1 msecs (HTTP/1.1 404) 3 headers in 100 bytes (1 switches on core 0)
[pid: 4492|app: 0|req: 17/29] 192.168.1.101 () {36 vars in 625 bytes} [Tue May 26 17:20:36 2020] GET /homepage => generated 0 bytes in 0 msecs (HTTP/1.1 301) 3 headers in 115 bytes (1 switches on core 1)
<QuerySet []>
[pid: 4492|app: 0|req: 18/30] 192.168.1.101 () {36 vars in 627 bytes} [Tue May 26 17:20:36 2020] GET /homepage/ => generated 6199 bytes in 9 msecs (HTTP/1.1 200) 3 headers in 110 bytes (1 switches on core 0)
[pid: 4490|app: 0|req: 8/31] 192.168.1.101 () {36 vars in 603 bytes} [Tue May 26 17:20:36 2020] GET /static/js/common.js => generated 93 bytes in 2 msecs (HTTP/1.1 404) 3 headers in 100 bytes (1 switches on core 1)
[pid: 4487|app: 0|req: 3/32] 192.168.1.101 () {36 vars in 618 bytes} [Tue May 26 17:20:36 2020] GET /static/css/main.css => generated 93 bytes in 2 msecs (HTTP/1.1 404) 3 headers in 100 bytes (1 switches on core 0)
[pid: 4488|app: 0|req: 4/34] 192.168.1.101 () {36 vars in 603 bytes} [Tue May 26 17:20:57 2020] GET /static/js/common.js => generated 93 bytes in 1 msecs (HTTP/1.1 404) 3 headers in 100 bytes (1 switches on core 1)
[pid: 4492|app: 0|req: 19/34] 192.168.1.101 () {36 vars in 618 bytes} [Tue May 26 17:20:57 2020] GET /static/css/main.css => generated 93 bytes in 1 msecs (HTTP/1.1 404) 3 headers in 100 bytes (1 switches on core 1)
<QuerySet []>
[pid: 4490|app: 0|req: 9/35] 127.0.0.1 () {38 vars in 636 bytes} [Tue May 26 17:21:09 2020] GET /homepage/ => generated 6199 bytes in 12 msecs (HTTP/1.1 200) 3 headers in 110 bytes (1 switches on core 0)
[pid: 4492|app: 0|req: 21/36] 127.0.0.1 () {36 vars in 539 bytes} [Tue May 26 17:21:09 2020] GET /static/js/common.js => generated 93 bytes in 2 msecs (HTTP/1.1 404) 3 headers in 100 bytes (1 switches on core 0)
[pid: 4492|app: 0|req: 21/37] 127.0.0.1 () {36 vars in 554 bytes} [Tue May 26 17:21:09 2020] GET /static/css/main.css => generated 93 bytes in 1 msecs (HTTP/1.1 404) 3 headers in 100 bytes (1 switches on core 1)
[pid: 4492|app: 0|req: 23/38] 127.0.0.1 () {36 vars in 554 bytes} [Tue May 26 17:21:09 2020] GET /static/css/main.css => generated 93 bytes in 3 msecs (HTTP/1.1 404) 3 headers in 100 bytes (1 switches on core 0)
[pid: 4492|app: 0|req: 23/39] 127.0.0.1 () {36 vars in 539 bytes} [Tue May 26 17:21:09 2020] GET /static/js/common.js => generated 93 bytes in 2 msecs (HTTP/1.1 404) 3 headers in 100 bytes (1 switches on core 1)
[pid: 4492|app: 0|req: 24/40] 127.0.0.1 () {34 vars in 487 bytes} [Tue May 26 17:21:09 2020] GET /favicon.ico => generated 85 bytes in 1 msecs (HTTP/1.1 404) 3 headers in 100 bytes (1 switches on core 0)
<QuerySet []>
[pid: 4492|app: 0|req: 25/41] 127.0.0.1 () {38 vars in 637 bytes} [Tue May 26 17:22:43 2020] GET /warehouse/whhp/ => generated 5342 bytes in 16 msecs (HTTP/1.1 200) 3 headers in 110 bytes (1 switches on core 1)
[pid: 4490|app: 0|req: 10/42] 127.0.0.1 () {36 vars in 545 bytes} [Tue May 26 17:22:43 2020] GET /static/js/common.js => generated 93 bytes in 1 msecs (HTTP/1.1 404) 3 headers in 100 bytes (1 switches on core 1)
[pid: 4488|app: 0|req: 5/43] 127.0.0.1 () {36 vars in 560 bytes} [Tue May 26 17:22:43 2020] GET /static/css/main.css => generated 93 bytes in 2 msecs (HTTP/1.1 404) 3 headers in 100 bytes (1 switches on core 1)
[pid: 4490|app: 0|req: 11/44] 127.0.0.1 () {36 vars in 560 bytes} [Tue May 26 17:22:44 2020] GET /static/css/main.css => generated 93 bytes in 1 msecs (HTTP/1.1 404) 3 headers in 100 bytes (1 switches on core 1)
[pid: 4492|app: 0|req: 26/45] 127.0.0.1 () {36 vars in 545 bytes} [Tue May 26 17:22:44 2020] GET /static/js/common.js => generated 93 bytes in 2 msecs (HTTP/1.1 404) 3 headers in 100 bytes (1 switches on core 0)
[pid: 4492|app: 0|req: 27/46] 127.0.0.1 () {38 vars in 645 bytes} [Tue May 26 17:22:47 2020] GET /forwarding/fwdhp => generated 5210 bytes in 3 msecs (HTTP/1.1 200) 3 headers in 110 bytes (1 switches on core 1)
[pid: 4490|app: 0|req: 13/47] 127.0.0.1 () {36 vars in 561 bytes} [Tue May 26 17:22:47 2020] GET /static/css/main.css => generated 93 bytes in 4 msecs (HTTP/1.1 404) 3 headers in 100 bytes (1 switches on core 1)
[pid: 4490|app: 0|req: 13/48] 127.0.0.1 () {36 vars in 546 bytes} [Tue May 26 17:22:47 2020] GET /static/js/common.js => generated 93 bytes in 2 msecs (HTTP/1.1 404) 3 headers in 100 bytes (1 switches on core 0)
[pid: 4492|app: 0|req: 29/49] 127.0.0.1 () {36 vars in 546 bytes} [Tue May 26 17:22:47 2020] GET /static/js/common.js => generated 93 bytes in 2 msecs (HTTP/1.1 404) 3 headers in 100 bytes (1 switches on core 1)
[pid: 4492|app: 0|req: 29/50] 127.0.0.1 () {36 vars in 561 bytes} [Tue May 26 17:22:47 2020] GET /static/css/main.css => generated 93 bytes in 2 msecs (HTTP/1.1 404) 3 headers in 100 bytes (1 switches on core 0)
[pid: 4492|app: 0|req: 30/51] 127.0.0.1 () {38 vars in 662 bytes} [Tue May 26 17:22:48 2020] GET /adminandaccount/adminhp/ => generated 5184 bytes in 2 msecs (HTTP/1.1 200) 3 headers in 110 bytes (1 switches on core 1)
[pid: 4490|app: 0|req: 14/52] 127.0.0.1 () {36 vars in 554 bytes} [Tue May 26 17:22:48 2020] GET /static/js/common.js => generated 93 bytes in 1 msecs (HTTP/1.1 404) 3 headers in 100 bytes (1 switches on core 1)
[pid: 4492|app: 0|req: 31/53] 127.0.0.1 () {36 vars in 569 bytes} [Tue May 26 17:22:48 2020] GET /static/css/main.css => generated 93 bytes in 1 msecs (HTTP/1.1 404) 3 headers in 100 bytes (1 switches on core 0)
[pid: 4492|app: 0|req: 33/54] 127.0.0.1 () {36 vars in 569 bytes} [Tue May 26 17:22:48 2020] GET /static/css/main.css => generated 93 bytes in 2 msecs (HTTP/1.1 404) 3 headers in 100 bytes (1 switches on core 1)
[pid: 4492|app: 0|req: 33/55] 127.0.0.1 () {36 vars in 554 bytes} [Tue May 26 17:22:48 2020] GET /static/js/common.js => generated 93 bytes in 2 msecs (HTTP/1.1 404) 3 headers in 100 bytes (1 switches on core 0)
[pid: 4490|app: 0|req: 15/56] 127.0.0.1 () {38 vars in 662 bytes} [Tue May 26 17:22:50 2020] GET /staff_user/register/ => generated 6474 bytes in 4 msecs (HTTP/1.1 200) 3 headers in 110 bytes (1 switches on core 0)
[pid: 4492|app: 0|req: 34/57] 127.0.0.1 () {36 vars in 565 bytes} [Tue May 26 17:22:50 2020] GET /static/css/main.css => generated 93 bytes in 1 msecs (HTTP/1.1 404) 3 headers in 100 bytes (1 switches on core 1)
[pid: 4487|app: 0|req: 4/58] 127.0.0.1 () {36 vars in 550 bytes} [Tue May 26 17:22:50 2020] GET /static/js/common.js => generated 93 bytes in 1 msecs (HTTP/1.1 404) 3 headers in 100 bytes (1 switches on core 1)
[pid: 4492|app: 0|req: 35/60] 127.0.0.1 () {36 vars in 565 bytes} [Tue May 26 17:22:50 2020] GET /static/css/main.css => generated 93 bytes in 1 msecs (HTTP/1.1 404) 3 headers in 100 bytes (1 switches on core 1)
[pid: 4490|app: 0|req: 16/60] 127.0.0.1 () {36 vars in 550 bytes} [Tue May 26 17:22:50 2020] GET /static/js/common.js => generated 93 bytes in 1 msecs (HTTP/1.1 404) 3 headers in 100 bytes (1 switches on core 1)
SIGINT/SIGQUIT received...killing workers...
gateway "uWSGI http 1" has been buried (pid: 4494)
worker 1 buried after 1 seconds
worker 2 buried after 1 seconds
worker 3 buried after 1 seconds
worker 4 buried after 1 seconds
goodbye to uWSGI.
*** Starting uWSGI 2.0.18 (64bit) on [Tue May 26 17:24:20 2020] ***
compiled with version: 7.5.0 on 25 May 2020 22:41:43
os: Linux-5.3.0-53-generic #47~18.04.1-Ubuntu SMP Thu May 7 13:10:50 UTC 2020
nodename: OEM
machine: x86_64
clock source: unix
detected number of CPU cores: 8
current working directory: /home/brown/PycharmProjects/auslinkerp-linux2nd
writing pidfile to uwsgi.pid
detected binary path: /home/brown/PycharmProjects/untitled/venv/bin/uwsgi
!!! no internal routing support, rebuild with pcre support !!!
chdir() to /home/brown/PycharmProjects/auslinkerp-linux2nd
your processes number limit is 63644
your memory page size is 4096 bytes
detected max file descriptor number: 4096
lock engine: pthread robust mutexes
thunder lock: disabled (you can enable it with --thunder-lock)
uwsgi socket 0 bound to TCP address 0.0.0.0:8000 fd 3
Python version: 3.6.9 (default, Apr 18 2020, 01:56:04)  [GCC 8.4.0]
Python main interpreter initialized at 0x555cfcb474a0
python threads support enabled
your server socket listen backlog is limited to 100 connections
your mercy for graceful operations on workers is 60 seconds
mapped 416720 bytes (406 KB) for 8 cores
*** Operational MODE: preforking+threaded ***
WSGI app 0 (mountpoint='') ready in 1 seconds on interpreter 0x555cfcb474a0 pid: 4645 (default app)
*** uWSGI is running in multiple interpreter mode ***
spawned uWSGI master process (pid: 4645)
spawned uWSGI worker 1 (pid: 4647, cores: 2)
spawned uWSGI worker 2 (pid: 4648, cores: 2)
spawned uWSGI worker 3 (pid: 4649, cores: 2)
spawned uWSGI worker 4 (pid: 4652, cores: 2)
[pid: 4652|app: 0|req: 1/1] 127.0.0.1 () {40 vars in 684 bytes} [Tue May 26 17:24:47 2020] GET /staff_user/register/ => generated 6474 bytes in 635 msecs (HTTP/1.1 200) 3 headers in 110 bytes (1 switches on core 0)
<QuerySet []>
[pid: 4652|app: 0|req: 2/2] 127.0.0.1 () {42 vars in 715 bytes} [Tue May 26 17:24:50 2020] GET /homepage/ => generated 6199 bytes in 13 msecs (HTTP/1.1 200) 3 headers in 110 bytes (1 switches on core 1)
<QuerySet []>
[pid: 4652|app: 0|req: 3/3] 127.0.0.1 () {42 vars in 716 bytes} [Tue May 26 17:24:52 2020] GET /warehouse/whhp/ => generated 5342 bytes in 8 msecs (HTTP/1.1 200) 3 headers in 110 bytes (1 switches on core 0)
<QuerySet []>
[pid: 4652|app: 0|req: 4/4] 127.0.0.1 () {42 vars in 710 bytes} [Tue May 26 17:24:53 2020] GET /homepage/ => generated 6199 bytes in 12 msecs (HTTP/1.1 200) 3 headers in 110 bytes (1 switches on core 1)
[pid: 4649|app: 0|req: 1/5] 127.0.0.1 () {38 vars in 571 bytes} [Tue May 26 17:24:53 2020] GET /favicon.ico => generated 85 bytes in 478 msecs (HTTP/1.1 404) 3 headers in 100 bytes (1 switches on core 1)
[pid: 4649|app: 0|req: 2/6] 127.0.0.1 () {42 vars in 726 bytes} [Tue May 26 17:24:59 2020] GET /staff_user/register/ => generated 6474 bytes in 45 msecs (HTTP/1.1 200) 3 headers in 110 bytes (1 switches on core 0)
[pid: 4649|app: 0|req: 3/7] 127.0.0.1 () {42 vars in 729 bytes} [Tue May 26 17:25:00 2020] GET /forwarding/fwdhp => generated 5210 bytes in 3 msecs (HTTP/1.1 200) 3 headers in 110 bytes (1 switches on core 1)
[pid: 4652|app: 0|req: 5/8] 127.0.0.1 () {38 vars in 571 bytes} [Tue May 26 17:25:00 2020] GET /favicon.ico => generated 85 bytes in 2 msecs (HTTP/1.1 404) 3 headers in 100 bytes (1 switches on core 0)
[pid: 4652|app: 0|req: 6/9] 127.0.0.1 () {42 vars in 747 bytes} [Tue May 26 17:25:01 2020] GET /clientdatabases/clientdbhp/ => generated 5183 bytes in 3 msecs (HTTP/1.1 200) 3 headers in 110 bytes (1 switches on core 0)
invalid request block size: 21573 (max 4096)...skip
invalid request block size: 21573 (max 4096)...skip
invalid request block size: 21573 (max 4096)...skip
invalid request block size: 21573 (max 4096)...skip
invalid request block size: 21573 (max 4096)...skip
invalid request block size: 21573 (max 4096)...skip
invalid request block size: 21573 (max 4096)...skip
invalid request block size: 21573 (max 4096)...skip
invalid request block size: 21573 (max 4096)...skip
invalid request block size: 21573 (max 4096)...skip
invalid request block size: 21573 (max 4096)...skip
invalid request block size: 21573 (max 4096)...skip
invalid request block size: 21573 (max 4096)...skip
invalid request block size: 21573 (max 4096)...skip
invalid request block size: 21573 (max 4096)...skip
invalid request block size: 21573 (max 4096)...skip
invalid request block size: 21573 (max 4096)...skip
invalid request block size: 21573 (max 4096)...skip
invalid request block size: 21573 (max 4096)...skip
invalid request block size: 21573 (max 4096)...skip
invalid request block size: 21573 (max 4096)...skip
invalid request block size: 21573 (max 4096)...skip
invalid request block size: 21573 (max 4096)...skip
invalid request block size: 21573 (max 4096)...skip
invalid request block size: 21573 (max 4096)...skip
invalid request block size: 21573 (max 4096)...skip
invalid request block size: 21573 (max 4096)...skip
invalid request block size: 21573 (max 4096)...skip
invalid request block size: 21573 (max 4096)...skip
invalid request block size: 21573 (max 4096)...skip
invalid request block size: 21573 (max 4096)...skip
invalid request block size: 21573 (max 4096)...skip
[pid: 4649|app: 0|req: 4/10] 192.168.1.101 () {40 vars in 693 bytes} [Tue May 26 17:25:14 2020] GET / => generated 74 bytes in 1 msecs (HTTP/1.1 404) 3 headers in 100 bytes (1 switches on core 1)
[pid: 4649|app: 0|req: 5/11] 192.168.1.101 () {42 vars in 740 bytes} [Tue May 26 17:25:18 2020] GET /homeoage => generated 82 bytes in 1 msecs (HTTP/1.1 404) 3 headers in 100 bytes (1 switches on core 0)
[pid: 4647|app: 0|req: 1/12] 192.168.1.101 () {40 vars in 665 bytes} [Tue May 26 17:25:18 2020] GET /favicon.ico => generated 85 bytes in 441 msecs (HTTP/1.1 404) 3 headers in 100 bytes (1 switches on core 0)
[pid: 4647|app: 0|req: 2/13] 192.168.1.101 () {40 vars in 709 bytes} [Tue May 26 17:25:23 2020] GET /homepage => generated 0 bytes in 1 msecs (HTTP/1.1 301) 3 headers in 115 bytes (1 switches on core 1)
<QuerySet []>
[pid: 4649|app: 0|req: 6/14] 192.168.1.101 () {40 vars in 711 bytes} [Tue May 26 17:25:23 2020] GET /homepage/ => generated 6199 bytes in 12 msecs (HTTP/1.1 200) 3 headers in 110 bytes (1 switches on core 1)
[pid: 4649|app: 0|req: 7/15] 192.168.1.101 () {40 vars in 666 bytes} [Tue May 26 17:25:24 2020] GET /favicon.ico => generated 85 bytes in 1 msecs (HTTP/1.1 404) 3 headers in 100 bytes (1 switches on core 0)
None
[pid: 4652|app: 0|req: 7/16] 192.168.1.101 () {42 vars in 787 bytes} [Tue May 26 17:25:29 2020] GET /warehouse/warehouseinfo/ => generated 12 bytes in 5 msecs (HTTP/1.1 200) 3 headers in 108 bytes (1 switches on core 1)
[pid: 4652|app: 0|req: 8/17] 192.168.1.101 () {40 vars in 681 bytes} [Tue May 26 17:25:29 2020] GET /favicon.ico => generated 85 bytes in 1 msecs (HTTP/1.1 404) 3 headers in 100 bytes (1 switches on core 0)
[pid: 4652|app: 0|req: 9/18] 192.168.1.101 () {42 vars in 779 bytes} [Tue May 26 17:25:34 2020] GET /staff_user/register/ => generated 6474 bytes in 8 msecs (HTTP/1.1 200) 3 headers in 110 bytes (1 switches on core 1)
[pid: 4652|app: 0|req: 10/19] 192.168.1.101 () {40 vars in 677 bytes} [Tue May 26 17:25:34 2020] GET /favicon.ico => generated 85 bytes in 1 msecs (HTTP/1.1 404) 3 headers in 100 bytes (1 switches on core 0)
[pid: 4652|app: 0|req: 11/20] 192.168.1.101 () {42 vars in 804 bytes} [Tue May 26 17:25:40 2020] GET /staff_user/staffinformation => generated 6081 bytes in 13 msecs (HTTP/1.1 200) 3 headers in 110 bytes (1 switches on core 1)
[pid: 4649|app: 0|req: 8/21] 192.168.1.101 () {40 vars in 684 bytes} [Tue May 26 17:25:40 2020] GET /favicon.ico => generated 85 bytes in 1 msecs (HTTP/1.1 404) 3 headers in 100 bytes (1 switches on core 1)
[pid: 4652|app: 0|req: 12/22] 192.168.1.101 () {42 vars in 811 bytes} [Tue May 26 17:26:11 2020] GET /staff_user/staffinformation => generated 6081 bytes in 9 msecs (HTTP/1.1 200) 3 headers in 110 bytes (1 switches on core 0)
[pid: 4652|app: 0|req: 13/23] 192.168.1.102 () {40 vars in 730 bytes} [Tue May 26 17:27:31 2020] GET /user_staff/worktime => generated 93 bytes in 1 msecs (HTTP/1.1 404) 3 headers in 100 bytes (1 switches on core 1)
[pid: 4648|app: 0|req: 1/24] 192.168.1.102 () {40 vars in 730 bytes} [Tue May 26 17:27:49 2020] GET /staff_user/worktime => generated 0 bytes in 307 msecs (HTTP/1.1 301) 3 headers in 126 bytes (1 switches on core 1)
<bound method QuerySet.exists of <QuerySet [<staff: staff object (1)>, <staff: staff object (2)>]>>
[pid: 4648|app: 0|req: 2/25] 192.168.1.102 () {40 vars in 732 bytes} [Tue May 26 17:27:50 2020] GET /staff_user/worktime/ => generated 1649 bytes in 181 msecs (HTTP/1.1 200) 3 headers in 110 bytes (1 switches on core 0)
2020-05-26 17:28:09.342045
<class 'datetime.datetime'>
2020-05-26 16:09:16.733275
<class 'datetime.datetime'>
[pid: 4648|app: 0|req: 3/26] 192.168.1.102 () {48 vars in 931 bytes} [Tue May 26 17:28:09 2020] POST /staff_user/work/ => generated 316 bytes in 148 msecs (HTTP/1.1 200) 3 headers in 109 bytes (1 switches on core 1)
[pid: 4652|app: 0|req: 14/27] 192.168.1.101 () {40 vars in 747 bytes} [Tue May 26 17:28:13 2020] GET /staff_user/staffinformation => generated 6008 bytes in 11 msecs (HTTP/1.1 200) 3 headers in 110 bytes (1 switches on core 0)
<bound method QuerySet.exists of <QuerySet [<staff: staff object (1)>]>>
[pid: 4652|app: 0|req: 15/28] 192.168.1.102 () {42 vars in 786 bytes} [Tue May 26 17:28:35 2020] GET /staff_user/worktime/? => generated 1565 bytes in 11 msecs (HTTP/1.1 200) 3 headers in 110 bytes (1 switches on core 1)
2020-05-26 17:28:42.730792
<class 'datetime.datetime'>
2020-05-26 16:04:26.695550
<class 'datetime.datetime'>
[pid: 4652|app: 0|req: 16/29] 192.168.1.102 () {48 vars in 932 bytes} [Tue May 26 17:28:42 2020] POST /staff_user/work/ => generated 316 bytes in 142 msecs (HTTP/1.1 200) 3 headers in 109 bytes (1 switches on core 0)
[pid: 4652|app: 0|req: 17/30] 192.168.1.101 () {40 vars in 747 bytes} [Tue May 26 17:28:48 2020] GET /staff_user/staffinformation => generated 5935 bytes in 11 msecs (HTTP/1.1 200) 3 headers in 110 bytes (1 switches on core 1)
[pid: 4648|app: 0|req: 4/31] 192.168.1.102 () {42 vars in 786 bytes} [Tue May 26 17:28:53 2020] GET /staff_user/worktime/? => generated 1505 bytes in 6 msecs (HTTP/1.1 200) 3 headers in 110 bytes (1 switches on core 0)
[pid: 4652|app: 0|req: 18/32] 192.168.1.101 () {42 vars in 821 bytes} [Tue May 26 17:29:03 2020] GET /warehouse/containerregisterpage/ => generated 7101 bytes in 6 msecs (HTTP/1.1 200) 3 headers in 110 bytes (1 switches on core 0)
[pid: 4652|app: 0|req: 19/33] 192.168.1.101 () {40 vars in 689 bytes} [Tue May 26 17:29:03 2020] GET /favicon.ico => generated 85 bytes in 2 msecs (HTTP/1.1 404) 3 headers in 100 bytes (1 switches on core 1)
<QueryDict: {'csrfmiddlewaretoken': ['byesYSyvZGlue6ADnFwTzFlbOqrBoUeWiX2J0XKatrfDsyeuILJkCwR7q5xLOG46'], 'ctnr_number': ['Sarawang'], 'ctnr_owner': ['FAK'], 'ctnr_type': ['40FT'], 'ctnr_job': [' '], 'ctnr_special': [''], 'ctnr_eta': ['2020-05-28']}>
[pid: 4652|app: 0|req: 20/34] 192.168.1.101 () {48 vars in 978 bytes} [Tue May 26 17:29:41 2020] POST /warehouse/container_upload_info/ => generated 27 bytes in 84 msecs (HTTP/1.1 500) 4 headers in 126 bytes (1 switches on core 0)
[pid: 4652|app: 0|req: 21/35] 192.168.1.101 () {40 vars in 689 bytes} [Tue May 26 17:29:41 2020] GET /favicon.ico => generated 85 bytes in 1 msecs (HTTP/1.1 404) 3 headers in 100 bytes (1 switches on core 1)
<QueryDict: {'csrfmiddlewaretoken': ['byesYSyvZGlue6ADnFwTzFlbOqrBoUeWiX2J0XKatrfDsyeuILJkCwR7q5xLOG46'], 'ctnr_number': ['Sarawang'], 'ctnr_owner': ['FAK'], 'ctnr_type': ['40FT'], 'ctnr_job': ['Devan'], 'ctnr_special': [''], 'ctnr_eta': ['2020-05-28']}>
[pid: 4652|app: 0|req: 22/36] 192.168.1.101 () {48 vars in 978 bytes} [Tue May 26 17:29:55 2020] POST /warehouse/container_upload_info/ => generated 5342 bytes in 53 msecs (HTTP/1.1 200) 3 headers in 110 bytes (1 switches on core 0)
[pid: 4652|app: 0|req: 23/37] 192.168.1.102 () {42 vars in 786 bytes} [Tue May 26 17:29:59 2020] GET /staff_user/worktime/? => generated 1505 bytes in 5 msecs (HTTP/1.1 200) 3 headers in 110 bytes (1 switches on core 1)
[pid: 4648|app: 0|req: 5/38] 192.168.1.102 () {42 vars in 786 bytes} [Tue May 26 17:30:03 2020] GET /staff_user/worktime/? => generated 1505 bytes in 5 msecs (HTTP/1.1 200) 3 headers in 110 bytes (1 switches on core 1)
<QuerySet [{'id': 1, 'ctnr_number': 'Sarawang', 'ctnr_type': '40FT', 'ctnr_eta': datetime.date(2020, 5, 28), 'ctnr_owner': 'FAK', 'ctnr_job': 'Devan', 'ctnr_special': ''}]>
[pid: 4652|app: 0|req: 24/39] 192.168.1.101 () {42 vars in 780 bytes} [Tue May 26 17:30:07 2020] GET /homepage/ => generated 6523 bytes in 12 msecs (HTTP/1.1 200) 3 headers in 110 bytes (1 switches on core 0)
[pid: 4652|app: 0|req: 25/40] 192.168.1.102 () {42 vars in 786 bytes} [Tue May 26 17:30:17 2020] GET /staff_user/worktime/? => generated 1505 bytes in 5 msecs (HTTP/1.1 200) 3 headers in 110 bytes (1 switches on core 1)
[pid: 4648|app: 0|req: 6/41] 192.168.1.102 () {42 vars in 786 bytes} [Tue May 26 17:30:19 2020] GET /staff_user/worktime/? => generated 1505 bytes in 5 msecs (HTTP/1.1 200) 3 headers in 110 bytes (1 switches on core 0)
[pid: 4652|app: 0|req: 26/42] 192.168.1.101 () {42 vars in 773 bytes} [Tue May 26 17:31:33 2020] GET /setcompanystatus/ => generated 6143 bytes in 13 msecs (HTTP/1.1 200) 3 headers in 110 bytes (1 switches on core 0)
[pid: 4652|app: 0|req: 27/43] 192.168.1.101 () {40 vars in 674 bytes} [Tue May 26 17:31:33 2020] GET /favicon.ico => generated 85 bytes in 1 msecs (HTTP/1.1 404) 3 headers in 100 bytes (1 switches on core 1)
invalid request block size: 21573 (max 4096)...skip
invalid request block size: 21573 (max 4096)...skip
invalid request block size: 21573 (max 4096)...skip
invalid request block size: 21573 (max 4096)...skip
invalid request block size: 21573 (max 4096)...skip
invalid request block size: 21573 (max 4096)...skip
invalid request block size: 21573 (max 4096)...skip
invalid request block size: 21573 (max 4096)...skip
invalid request block size: 21573 (max 4096)...skip
invalid request block size: 21573 (max 4096)...skip
[pid: 4649|app: 0|req: 9/44] 127.0.0.1 () {40 vars in 685 bytes} [Tue May 26 17:34:29 2020] GET /staff_user/worktime/? => generated 1505 bytes in 6 msecs (HTTP/1.1 200) 3 headers in 110 bytes (1 switches on core 1)
[pid: 4648|app: 0|req: 7/45] 127.0.0.1 () {38 vars in 571 bytes} [Tue May 26 17:34:29 2020] GET /favicon.ico => generated 85 bytes in 2 msecs (HTTP/1.1 404) 3 headers in 100 bytes (1 switches on core 1)
[pid: 4649|app: 0|req: 10/46] 127.0.0.1 () {42 vars in 736 bytes} [Tue May 26 17:35:18 2020] GET /forwarding/fwdhp => generated 5210 bytes in 3 msecs (HTTP/1.1 200) 3 headers in 110 bytes (1 switches on core 0)
[pid: 4649|app: 0|req: 11/47] 127.0.0.1 () {42 vars in 747 bytes} [Tue May 26 17:35:19 2020] GET /clientdatabases/clientdbhp/ => generated 5183 bytes in 3 msecs (HTTP/1.1 200) 3 headers in 110 bytes (1 switches on core 1)
None
[pid: 4652|app: 0|req: 28/48] 127.0.0.1 () {42 vars in 752 bytes} [Tue May 26 17:35:21 2020] GET /warehouse/warehouseinfo/ => generated 12 bytes in 4 msecs (HTTP/1.1 200) 3 headers in 108 bytes (1 switches on core 0)
<QuerySet [{'id': 1, 'ctnr_number': 'Sarawang', 'ctnr_type': '40FT', 'ctnr_eta': datetime.date(2020, 5, 28), 'ctnr_owner': 'FAK', 'ctnr_job': 'Devan', 'ctnr_special': ''}]>
[pid: 4652|app: 0|req: 29/49] 127.0.0.1 () {42 vars in 722 bytes} [Tue May 26 17:35:34 2020] GET /homepage/ => generated 6523 bytes in 9 msecs (HTTP/1.1 200) 3 headers in 110 bytes (1 switches on core 1)
[pid: 4652|app: 0|req: 30/50] 127.0.0.1 () {42 vars in 716 bytes} [Tue May 26 17:52:16 2020] GET /staff_user/worktime/? => generated 1505 bytes in 6 msecs (HTTP/1.1 200) 3 headers in 110 bytes (1 switches on core 0)
[pid: 4648|app: 0|req: 8/51] 127.0.0.1 () {42 vars in 716 bytes} [Tue May 26 17:52:18 2020] GET /staff_user/worktime/? => generated 1505 bytes in 3 msecs (HTTP/1.1 200) 3 headers in 110 bytes (1 switches on core 0)
[pid: 4652|app: 0|req: 31/52] 127.0.0.1 () {42 vars in 716 bytes} [Tue May 26 17:56:12 2020] GET /staff_user/worktime/? => generated 1505 bytes in 2 msecs (HTTP/1.1 200) 3 headers in 110 bytes (1 switches on core 1)
[pid: 4652|app: 0|req: 32/53] 127.0.0.1 () {48 vars in 876 bytes} [Tue May 26 17:56:25 2020] POST /staff_user/work/ => generated 363 bytes in 86 msecs (HTTP/1.1 200) 3 headers in 109 bytes (1 switches on core 0)
<bound method QuerySet.exists of <QuerySet [<staff: staff object (2)>]>>
[pid: 4649|app: 0|req: 12/54] 127.0.0.1 () {42 vars in 734 bytes} [Tue May 26 17:56:26 2020] GET /staff_user/worktime/? => generated 1565 bytes in 7 msecs (HTTP/1.1 200) 3 headers in 110 bytes (1 switches on core 0)
<bound method QuerySet.exists of <QuerySet [<staff: staff object (2)>]>>
[pid: 4652|app: 0|req: 33/55] 127.0.0.1 () {44 vars in 765 bytes} [Tue May 26 17:56:38 2020] GET /staff_user/worktime/? => generated 1565 bytes in 7 msecs (HTTP/1.1 200) 3 headers in 110 bytes (1 switches on core 1)
<bound method QuerySet.exists of <QuerySet [<staff: staff object (2)>]>>
[pid: 4648|app: 0|req: 9/56] 127.0.0.1 () {44 vars in 765 bytes} [Tue May 26 17:56:39 2020] GET /staff_user/worktime/? => generated 1565 bytes in 8 msecs (HTTP/1.1 200) 3 headers in 110 bytes (1 switches on core 1)
SIGINT/SIGQUIT received...killing workers...
worker 1 buried after 1 seconds
worker 2 buried after 1 seconds
worker 3 buried after 1 seconds
worker 4 buried after 1 seconds
goodbye to uWSGI.
*** Starting uWSGI 2.0.18 (64bit) on [Tue May 26 17:57:33 2020] ***
compiled with version: 7.5.0 on 25 May 2020 22:41:43
os: Linux-5.3.0-53-generic #47~18.04.1-Ubuntu SMP Thu May 7 13:10:50 UTC 2020
nodename: OEM
machine: x86_64
clock source: unix
detected number of CPU cores: 8
current working directory: /home/brown/PycharmProjects/auslinkerp-linux2nd
writing pidfile to uwsgi.pid
detected binary path: /home/brown/PycharmProjects/untitled/venv/bin/uwsgi
!!! no internal routing support, rebuild with pcre support !!!
chdir() to /home/brown/PycharmProjects/auslinkerp-linux2nd
your processes number limit is 63644
your memory page size is 4096 bytes
detected max file descriptor number: 4096
lock engine: pthread robust mutexes
thunder lock: disabled (you can enable it with --thunder-lock)
uwsgi socket 0 bound to TCP address 0.0.0.0:8000 fd 3
Python version: 3.6.9 (default, Apr 18 2020, 01:56:04)  [GCC 8.4.0]
Python main interpreter initialized at 0x563951ba84a0
python threads support enabled
your server socket listen backlog is limited to 100 connections
your mercy for graceful operations on workers is 60 seconds
mapped 416720 bytes (406 KB) for 8 cores
*** Operational MODE: preforking+threaded ***
WSGI app 0 (mountpoint='') ready in 0 seconds on interpreter 0x563951ba84a0 pid: 5193 (default app)
*** uWSGI is running in multiple interpreter mode ***
spawned uWSGI master process (pid: 5193)
spawned uWSGI worker 1 (pid: 5195, cores: 2)
spawned uWSGI worker 2 (pid: 5196, cores: 2)
spawned uWSGI worker 3 (pid: 5197, cores: 2)
spawned uWSGI worker 4 (pid: 5200, cores: 2)
<bound method QuerySet.exists of <QuerySet [<staff: staff object (2)>]>>
[pid: 5200|app: 0|req: 1/1] 127.0.0.1 () {44 vars in 765 bytes} [Tue May 26 17:57:36 2020] GET /staff_user/worktime/? => generated 1889 bytes in 672 msecs (HTTP/1.1 200) 3 headers in 110 bytes (1 switches on core 0)
[pid: 5197|app: 0|req: 1/2] 127.0.0.1 () {48 vars in 876 bytes} [Tue May 26 17:58:11 2020] POST /staff_user/work/ => generated 316 bytes in 671 msecs (HTTP/1.1 200) 3 headers in 109 bytes (1 switches on core 0)
[pid: 5195|app: 0|req: 1/3] 127.0.0.1 () {42 vars in 734 bytes} [Tue May 26 17:58:13 2020] GET /staff_user/worktime/? => generated 1505 bytes in 539 msecs (HTTP/1.1 200) 3 headers in 110 bytes (1 switches on core 0)
